<?xml version="1.0" encoding="UTF-8"?>
<testng-results ignored="0" total="1" passed="1" failed="0" skipped="0">
  <reporter-output>
  </reporter-output>
  <suite started-at="2022-03-24T10:05:20Z" name="Ravi testing" finished-at="2022-03-24T10:05:29Z" duration-ms="8173">
    <groups>
    </groups>
    <test started-at="2022-03-24T10:05:20Z" name="Test" finished-at="2022-03-24T10:05:29Z" duration-ms="8173">
      <class name="Listeners_Test.Base_Class">
        <test-method is-config="true" signature="BeforeTest(java.lang.String)[pri:0, instance:Listeners_Test.Base_Class@41294f8]" started-at="2022-03-24T15:35:20Z" name="BeforeTest" finished-at="2022-03-24T15:35:22Z" duration-ms="1740" status="PASS">
          <params>
            <param index="0">
              <value>
                <![CDATA[edge]]>
              </value>
            </param>
          </params>
          <reporter-output>
          </reporter-output>
        </test-method> <!-- BeforeTest -->
        <test-method signature="Test2(java.lang.String)[pri:0, instance:Listeners_Test.Base_Class@41294f8]" started-at="2022-03-24T15:35:22Z" name="Test2" finished-at="2022-03-24T15:35:28Z" duration-ms="6074" status="PASS">
          <params>
            <param index="0">
              <value>
                <![CDATA[https:www.google.com/]]>
              </value>
            </param>
          </params>
          <reporter-output>
          </reporter-output>
        </test-method> <!-- Test2 -->
        <test-method is-config="true" signature="AfterTest()[pri:0, instance:Listeners_Test.Base_Class@41294f8]" started-at="2022-03-24T15:35:28Z" name="AfterTest" finished-at="2022-03-24T15:35:29Z" duration-ms="338" status="PASS">
          <reporter-output>
          </reporter-output>
        </test-method> <!-- AfterTest -->
      </class> <!-- Listeners_Test.Base_Class -->
    </test> <!-- Test -->
  </suite> <!-- Ravi testing -->
</testng-results>
